# JRE version: OpenJDK Runtime Environment Temurin-21.0.8+9 (21.0.8+9) (build 21.0.8+9-LTS)
# Java VM: OpenJDK 64-Bit Server VM Temurin-21.0.8+9 (21.0.8+9-LTS, mixed mode, sharing, tiered, compressed oops, compressed class ptrs, parallel gc, windows-amd64)
GC Precious Log:
 CardTable entry size: 512
 CPUs: 8 total, 8 available
 Memory: 3863M
 Large Page Support: Disabled
 NUMA Support: Disabled
 Compressed Oops: Enabled (32-bit)
 Alignments: Space 512K, Generation 512K, Heap 2M
 Heap Min Capacity: 100M
 Heap Initial Capacity: 100M
 Heap Max Capacity: 2G
 Pre-touch: Disabled
 Parallel Workers: 8
Heap:
 PSYoungGen      total 3072K, used 1202K [0x00000000d5580000, 0x00000000d5a00000, 0x0000000100000000)
  eden space 2560K, 31% used [0x00000000d5580000,0x00000000d564c970,0x00000000d5800000)
  from space 512K, 75% used [0x00000000d5900000,0x00000000d5960000,0x00000000d5980000)
  to   space 512K, 0% used [0x00000000d5980000,0x00000000d5980000,0x00000000d5a00000)
 ParOldGen       total 617984K, used 617866K [0x0000000080000000, 0x00000000a5b80000, 0x00000000d5580000)
  object space 617984K, 99% used [0x0000000080000000,0x00000000a5b62828,0x00000000a5b80000)
 Metaspace       used 73445K, committed 75072K, reserved 1179648K
  class space    used 7806K, committed 8576K, reserved 1048576K
GC Heap History (20 events):
Event: 81.613 GC heap before
{Heap before GC invocations=971 (full 3):
 PSYoungGen      total 3072K, used 2944K [0x00000000d5580000, 0x00000000d5980000, 0x0000000100000000)
  eden space 2560K, 100% used [0x00000000d5580000,0x00000000d5800000,0x00000000d5800000)
  from space 512K, 75% used [0x00000000d5880000,0x00000000d58e0000,0x00000000d5900000)
  to   space 512K, 0% used [0x00000000d5900000,0x00000000d5900000,0x00000000d5980000)
 ParOldGen       total 613376K, used 613100K [0x0000000080000000, 0x00000000a5700000, 0x00000000d5580000)
  object space 613376K, 99% used [0x0000000080000000,0x00000000a56bb2d0,0x00000000a5700000)
 Metaspace       used 73445K, committed 75072K, reserved 1179648K
  class space    used 7806K, committed 8576K, reserved 1048576K
}
Event: 81.615 GC heap after
{Heap after GC invocations=971 (full 3):
 PSYoungGen      total 3072K, used 492K [0x00000000d5580000, 0x00000000d5980000, 0x0000000100000000)
  eden space 2560K, 0% used [0x00000000d5580000,0x00000000d5580000,0x00000000d5800000)
  from space 512K, 96% used [0x00000000d5900000,0x00000000d597b008,0x00000000d5980000)
  to   space 512K, 0% used [0x00000000d5880000,0x00000000d5880000,0x00000000d5900000)
 ParOldGen       total 613888K, used 613412K [0x0000000080000000, 0x00000000a5780000, 0x00000000d5580000)
  object space 613888K, 99% used [0x0000000080000000,0x00000000a57092d0,0x00000000a5780000)
 Metaspace       used 73445K, committed 75072K, reserved 1179648K
  class space    used 7806K, committed 8576K, reserved 1048576K
}
Event: 81.630 GC heap before
{Heap before GC invocations=972 (full 3):
 PSYoungGen      total 3072K, used 3050K [0x00000000d5580000, 0x00000000d5980000, 0x0000000100000000)
  eden space 2560K, 99% used [0x00000000d5580000,0x00000000d57ff920,0x00000000d5800000)
  from space 512K, 96% used [0x00000000d5900000,0x00000000d597b008,0x00000000d5980000)
  to   space 512K, 0% used [0x00000000d5880000,0x00000000d5880000,0x00000000d5900000)
 ParOldGen       total 613888K, used 613412K [0x0000000080000000, 0x00000000a5780000, 0x00000000d5580000)
  object space 613888K, 99% used [0x0000000080000000,0x00000000a57092d0,0x00000000a5780000)
 Metaspace       used 73445K, committed 75072K, reserved 1179648K
  class space    used 7806K, committed 8576K, reserved 1048576K
}
Event: 81.633 GC heap after
{Heap after GC invocations=972 (full 3):
 PSYoungGen      total 3072K, used 384K [0x00000000d5580000, 0x00000000d5980000, 0x0000000100000000)
  eden space 2560K, 0% used [0x00000000d5580000,0x00000000d5580000,0x00000000d5800000)
  from space 512K, 75% used [0x00000000d5880000,0x00000000d58e0000,0x00000000d5900000)
  to   space 512K, 0% used [0x00000000d5900000,0x00000000d5900000,0x00000000d5980000)
 ParOldGen       total 613888K, used 613816K [0x0000000080000000, 0x00000000a5780000, 0x00000000d5580000)
  object space 613888K, 99% used [0x0000000080000000,0x00000000a576e2d8,0x00000000a5780000)
 Metaspace       used 73445K, committed 75072K, reserved 1179648K
  class space    used 7806K, committed 8576K, reserved 1048576K
}
Event: 81.642 GC heap before
{Heap before GC invocations=973 (full 3):
 PSYoungGen      total 3072K, used 2919K [0x00000000d5580000, 0x00000000d5980000, 0x0000000100000000)
  eden space 2560K, 99% used [0x00000000d5580000,0x00000000d57f9f48,0x00000000d5800000)
  from space 512K, 75% used [0x00000000d5880000,0x00000000d58e0000,0x00000000d5900000)
  to   space 512K, 0% used [0x00000000d5900000,0x00000000d5900000,0x00000000d5980000)
 ParOldGen       total 613888K, used 613816K [0x0000000080000000, 0x00000000a5780000, 0x00000000d5580000)
  object space 613888K, 99% used [0x0000000080000000,0x00000000a576e2d8,0x00000000a5780000)
 Metaspace       used 73445K, committed 75072K, reserved 1179648K
  class space    used 7806K, committed 8576K, reserved 1048576K
}
Event: 81.645 GC heap after
{Heap after GC invocations=973 (full 3):
 PSYoungGen      total 3072K, used 436K [0x00000000d5580000, 0x00000000d5980000, 0x0000000100000000)
  eden space 2560K, 0% used [0x00000000d5580000,0x00000000d5580000,0x00000000d5800000)
  from space 512K, 85% used [0x00000000d5900000,0x00000000d596d220,0x00000000d5980000)
  to   space 512K, 0% used [0x00000000d5880000,0x00000000d5880000,0x00000000d5900000)
 ParOldGen       total 614400K, used 614144K [0x0000000080000000, 0x00000000a5800000, 0x00000000d5580000)
  object space 614400K, 99% used [0x0000000080000000,0x00000000a57c02d8,0x00000000a5800000)
 Metaspace       used 73445K, committed 75072K, reserved 1179648K
  class space    used 7806K, committed 8576K, reserved 1048576K
}
Event: 81.654 GC heap before
{Heap before GC invocations=974 (full 3):
 PSYoungGen      total 3072K, used 2996K [0x00000000d5580000, 0x00000000d5980000, 0x0000000100000000)
  eden space 2560K, 100% used [0x00000000d5580000,0x00000000d5800000,0x00000000d5800000)
  from space 512K, 85% used [0x00000000d5900000,0x00000000d596d220,0x00000000d5980000)
  to   space 512K, 0% used [0x00000000d5880000,0x00000000d5880000,0x00000000d5900000)
 ParOldGen       total 614400K, used 614144K [0x0000000080000000, 0x00000000a5800000, 0x00000000d5580000)
  object space 614400K, 99% used [0x0000000080000000,0x00000000a57c02d8,0x00000000a5800000)
 Metaspace       used 73445K, committed 75072K, reserved 1179648K
  class space    used 7806K, committed 8576K, reserved 1048576K
}
Event: 81.655 GC heap after
{Heap after GC invocations=974 (full 3):
 PSYoungGen      total 3072K, used 448K [0x00000000d5580000, 0x00000000d5980000, 0x0000000100000000)
  eden space 2560K, 0% used [0x00000000d5580000,0x00000000d5580000,0x00000000d5800000)
  from space 512K, 87% used [0x00000000d5880000,0x00000000d58f0000,0x00000000d5900000)
  to   space 512K, 0% used [0x00000000d5900000,0x00000000d5900000,0x00000000d5980000)
 ParOldGen       total 614912K, used 614440K [0x0000000080000000, 0x00000000a5880000, 0x00000000d5580000)
  object space 614912K, 99% used [0x0000000080000000,0x00000000a580a2d8,0x00000000a5880000)
 Metaspace       used 73445K, committed 75072K, reserved 1179648K
  class space    used 7806K, committed 8576K, reserved 1048576K
}
Event: 81.664 GC heap before
{Heap before GC invocations=975 (full 3):
 PSYoungGen      total 3072K, used 3008K [0x00000000d5580000, 0x00000000d5980000, 0x0000000100000000)
  eden space 2560K, 100% used [0x00000000d5580000,0x00000000d5800000,0x00000000d5800000)
  from space 512K, 87% used [0x00000000d5880000,0x00000000d58f0000,0x00000000d5900000)
  to   space 512K, 0% used [0x00000000d5900000,0x00000000d5900000,0x00000000d5980000)
 ParOldGen       total 614912K, used 614440K [0x0000000080000000, 0x00000000a5880000, 0x00000000d5580000)
  object space 614912K, 99% used [0x0000000080000000,0x00000000a580a2d8,0x00000000a5880000)
 Metaspace       used 73445K, committed 75072K, reserved 1179648K
  class space    used 7806K, committed 8576K, reserved 1048576K
}
Event: 81.667 GC heap after
{Heap after GC invocations=975 (full 3):
 PSYoungGen      total 3072K, used 484K [0x00000000d5580000, 0x00000000d5a00000, 0x0000000100000000)
  eden space 2560K, 0% used [0x00000000d5580000,0x00000000d5580000,0x00000000d5800000)
  from space 512K, 94% used [0x00000000d5900000,0x00000000d5979020,0x00000000d5980000)
  to   space 1024K, 0% used [0x00000000d5800000,0x00000000d5800000,0x00000000d5900000)
 ParOldGen       total 614912K, used 614768K [0x0000000080000000, 0x00000000a5880000, 0x00000000d5580000)
  object space 614912K, 99% used [0x0000000080000000,0x00000000a585c2d8,0x00000000a5880000)
 Metaspace       used 73445K, committed 75072K, reserved 1179648K
  class space    used 7806K, committed 8576K, reserved 1048576K
}
Event: 81.677 GC heap before
{Heap before GC invocations=976 (full 3):
 PSYoungGen      total 3072K, used 3044K [0x00000000d5580000, 0x00000000d5a00000, 0x0000000100000000)
  eden space 2560K, 100% used [0x00000000d5580000,0x00000000d5800000,0x00000000d5800000)
  from space 512K, 94% used [0x00000000d5900000,0x00000000d5979020,0x00000000d5980000)
  to   space 1024K, 0% used [0x00000000d5800000,0x00000000d5800000,0x00000000d5900000)
 ParOldGen       total 614912K, used 614768K [0x0000000080000000, 0x00000000a5880000, 0x00000000d5580000)
  object space 614912K, 99% used [0x0000000080000000,0x00000000a585c2d8,0x00000000a5880000)
 Metaspace       used 73445K, committed 75072K, reserved 1179648K
  class space    used 7806K, committed 8576K, reserved 1048576K
}
Event: 81.679 GC heap after
{Heap after GC invocations=976 (full 3):
 PSYoungGen      total 3584K, used 352K [0x00000000d5580000, 0x00000000d5a00000, 0x0000000100000000)
  eden space 2560K, 0% used [0x00000000d5580000,0x00000000d5580000,0x00000000d5800000)
  from space 1024K, 34% used [0x00000000d5800000,0x00000000d5858000,0x00000000d5900000)
  to   space 1024K, 0% used [0x00000000d5900000,0x00000000d5900000,0x00000000d5a00000)
 ParOldGen       total 615424K, used 615119K [0x0000000080000000, 0x00000000a5900000, 0x00000000d5580000)
  object space 615424K, 99% used [0x0000000080000000,0x00000000a58b3de0,0x00000000a5900000)
 Metaspace       used 73445K, committed 75072K, reserved 1179648K
  class space    used 7806K, committed 8576K, reserved 1048576K
}
Event: 81.691 GC heap before
{Heap before GC invocations=977 (full 3):
 PSYoungGen      total 3584K, used 2912K [0x00000000d5580000, 0x00000000d5a00000, 0x0000000100000000)
  eden space 2560K, 100% used [0x00000000d5580000,0x00000000d5800000,0x00000000d5800000)
  from space 1024K, 34% used [0x00000000d5800000,0x00000000d5858000,0x00000000d5900000)
  to   space 1024K, 0% used [0x00000000d5900000,0x00000000d5900000,0x00000000d5a00000)
 ParOldGen       total 615424K, used 615119K [0x0000000080000000, 0x00000000a5900000, 0x00000000d5580000)
  object space 615424K, 99% used [0x0000000080000000,0x00000000a58b3de0,0x00000000a5900000)
 Metaspace       used 73445K, committed 75072K, reserved 1179648K
  class space    used 7806K, committed 8576K, reserved 1048576K
}
Event: 81.694 GC heap after
{Heap after GC invocations=977 (full 3):
 PSYoungGen      total 3072K, used 416K [0x00000000d5580000, 0x00000000d5980000, 0x0000000100000000)
  eden space 2560K, 0% used [0x00000000d5580000,0x00000000d5580000,0x00000000d5800000)
  from space 512K, 81% used [0x00000000d5900000,0x00000000d5968000,0x00000000d5980000)
  to   space 512K, 0% used [0x00000000d5880000,0x00000000d5880000,0x00000000d5900000)
 ParOldGen       total 615424K, used 615407K [0x0000000080000000, 0x00000000a5900000, 0x00000000d5580000)
  object space 615424K, 99% used [0x0000000080000000,0x00000000a58fbde0,0x00000000a5900000)
 Metaspace       used 73445K, committed 75072K, reserved 1179648K
  class space    used 7806K, committed 8576K, reserved 1048576K
}
Event: 81.707 GC heap before
{Heap before GC invocations=978 (full 3):
 PSYoungGen      total 3072K, used 2976K [0x00000000d5580000, 0x00000000d5980000, 0x0000000100000000)
  eden space 2560K, 100% used [0x00000000d5580000,0x00000000d5800000,0x00000000d5800000)
  from space 512K, 81% used [0x00000000d5900000,0x00000000d5968000,0x00000000d5980000)
  to   space 512K, 0% used [0x00000000d5880000,0x00000000d5880000,0x00000000d5900000)
 ParOldGen       total 615424K, used 615407K [0x0000000080000000, 0x00000000a5900000, 0x00000000d5580000)
  object space 615424K, 99% used [0x0000000080000000,0x00000000a58fbde0,0x00000000a5900000)
 Metaspace       used 73445K, committed 75072K, reserved 1179648K
  class space    used 7806K, committed 8576K, reserved 1048576K
}
Event: 81.710 GC heap after
{Heap after GC invocations=978 (full 3):
 PSYoungGen      total 3072K, used 420K [0x00000000d5580000, 0x00000000d5980000, 0x0000000100000000)
  eden space 2560K, 0% used [0x00000000d5580000,0x00000000d5580000,0x00000000d5800000)
  from space 512K, 82% used [0x00000000d5880000,0x00000000d58e92b8,0x00000000d5900000)
  to   space 512K, 0% used [0x00000000d5900000,0x00000000d5900000,0x00000000d5980000)
 ParOldGen       total 615936K, used 615743K [0x0000000080000000, 0x00000000a5980000, 0x00000000d5580000)
  object space 615936K, 99% used [0x0000000080000000,0x00000000a594fde0,0x00000000a5980000)
 Metaspace       used 73445K, committed 75072K, reserved 1179648K
  class space    used 7806K, committed 8576K, reserved 1048576K
}
Event: 81.724 GC heap before
{Heap before GC invocations=979 (full 3):
 PSYoungGen      total 3072K, used 2980K [0x00000000d5580000, 0x00000000d5980000, 0x0000000100000000)
  eden space 2560K, 100% used [0x00000000d5580000,0x00000000d5800000,0x00000000d5800000)
  from space 512K, 82% used [0x00000000d5880000,0x00000000d58e92b8,0x00000000d5900000)
  to   space 512K, 0% used [0x00000000d5900000,0x00000000d5900000,0x00000000d5980000)
 ParOldGen       total 615936K, used 615743K [0x0000000080000000, 0x00000000a5980000, 0x00000000d5580000)
  object space 615936K, 99% used [0x0000000080000000,0x00000000a594fde0,0x00000000a5980000)
 Metaspace       used 73445K, committed 75072K, reserved 1179648K
  class space    used 7806K, committed 8576K, reserved 1048576K
}
Event: 81.727 GC heap after
{Heap after GC invocations=979 (full 3):
 PSYoungGen      total 3072K, used 502K [0x00000000d5580000, 0x00000000d5a00000, 0x0000000100000000)
  eden space 2560K, 0% used [0x00000000d5580000,0x00000000d5580000,0x00000000d5800000)
  from space 512K, 98% used [0x00000000d5900000,0x00000000d597da08,0x00000000d5980000)
  to   space 1024K, 0% used [0x00000000d5800000,0x00000000d5800000,0x00000000d5900000)
 ParOldGen       total 616448K, used 616039K [0x0000000080000000, 0x00000000a5a00000, 0x00000000d5580000)
  object space 616448K, 99% used [0x0000000080000000,0x00000000a5999de0,0x00000000a5a00000)
 Metaspace       used 73445K, committed 75072K, reserved 1179648K
  class space    used 7806K, committed 8576K, reserved 1048576K
}
Event: 81.768 GC heap before
{Heap before GC invocations=980 (full 3):
 PSYoungGen      total 3072K, used 3056K [0x00000000d5580000, 0x00000000d5a00000, 0x0000000100000000)
  eden space 2560K, 99% used [0x00000000d5580000,0x00000000d57fe6e8,0x00000000d5800000)
  from space 512K, 98% used [0x00000000d5900000,0x00000000d597da08,0x00000000d5980000)
  to   space 1024K, 0% used [0x00000000d5800000,0x00000000d5800000,0x00000000d5900000)
 ParOldGen       total 616448K, used 616039K [0x0000000080000000, 0x00000000a5a00000, 0x00000000d5580000)
  object space 616448K, 99% used [0x0000000080000000,0x00000000a5999de0,0x00000000a5a00000)
 Metaspace       used 73445K, committed 75072K, reserved 1179648K
  class space    used 7806K, committed 8576K, reserved 1048576K
}
Event: 81.771 GC heap after
{Heap after GC invocations=980 (full 3):
 PSYoungGen      total 3584K, used 1000K [0x00000000d5580000, 0x00000000d5c00000, 0x0000000100000000)
  eden space 2560K, 0% used [0x00000000d5580000,0x00000000d5580000,0x00000000d5800000)
  from space 1024K, 97% used [0x00000000d5800000,0x00000000d58fa200,0x00000000d5900000)
  to   space 2048K, 0% used [0x00000000d5a00000,0x00000000d5a00000,0x00000000d5c00000)
 ParOldGen       total 616960K, used 616677K [0x0000000080000000, 0x00000000a5a80000, 0x00000000d5580000)
  object space 616960K, 99% used [0x0000000080000000,0x00000000a5a39688,0x00000000a5a80000)
 Metaspace       used 73445K, committed 75072K, reserved 1179648K
  class space    used 7806K, committed 8576K, reserved 1048576K
}

